<?xml version="1.0" encoding="UTF-8"?>
<!-- Generated by org.testng.reporters.JUnitReportReporter -->
<testsuite hostname="PSL-7J277L3" failures="0" tests="5" name="ftm.testcases.LoginPageTest" time="40.838" errors="0" timestamp="2023-10-04T11:53:20 IST" skipped="0">
  <testcase classname="ftm.testcases.LoginPageTest" name="loginTest" time="4.486"/>
  <testcase classname="ftm.testcases.LoginPageTest" name="homePage" time="0.095"/>
  <testcase classname="ftm.testcases.LoginPageTest" name="businessDayPage" time="4.616"/>
  <testcase classname="ftm.testcases.LoginPageTest" name="batchICLpage" time="24.473"/>
  <testcase classname="ftm.testcases.LoginPageTest" name="outbondTransmissions" time="7.168"/>
</testsuite> <!-- ftm.testcases.LoginPageTest -->
