<?xml version="1.0" encoding="UTF-8"?>
<!-- Generated by org.testng.reporters.JUnitReportReporter -->
<testsuite hostname="PSL-7J277L3" failures="0" tests="2" name="ftm.testcases.E2E_TestCases_Senario" time="14.799" errors="0" timestamp="2023-12-20T18:08:24 IST" skipped="0">
  <testcase classname="ftm.testcases.E2E_TestCases_Senario" name="loginTest" time="4.596"/>
  <testcase classname="ftm.testcases.E2E_TestCases_Senario" name="manageDuplicateDetect" time="10.203"/>
</testsuite> <!-- ftm.testcases.E2E_TestCases_Senario -->
