<?xml version="1.0" encoding="UTF-8"?>
<!-- Generated by org.testng.reporters.JUnitReportReporter -->
<testsuite hostname="PSL-7J277L3" failures="0" tests="1" name="ftm.testcases.test2" time="13.786" errors="0" timestamp="2023-11-02T11:52:16 IST" skipped="0">
  <testcase classname="ftm.testcases.test2" name="loginTest" time="13.786"/>
</testsuite> <!-- ftm.testcases.test2 -->
